<?xml version="1.0" encoding="UTF-8"?>
<!-- Generated by org.testng.reporters.JUnitReportReporter -->
<testsuite hostname="DESKTOP-5GMAV65" failures="0" tests="1" name="ecommerce.batch8testng.NewTest2" time="0.004" errors="0" timestamp="2023-11-22T18:40:54 PST" skipped="0">
  <testcase classname="ecommerce.batch8testng.NewTest2" name="f" time="0.004"/>
  <system-out/>
</testsuite> <!-- ecommerce.batch8testng.NewTest2 -->
